INFO: Reading state_region 00_west_europe.txt
INFO: Reading state_region 01_south_europe.txt
INFO: Reading state_region 02_east_europe.txt
INFO: Reading state_region 03_north_africa.txt
INFO: Reading state_region 04_subsaharan_africa.txt
INFO: Reading state_region 05_north_america.txt
INFO: Reading state_region 06_central_america.txt
INFO: Reading state_region 07_south_america.txt
INFO: Reading state_region 08_middle_east.txt
INFO: Reading state_region 09_central_asia.txt
INFO: Reading state_region 10_india.txt
INFO: Reading state_region 11_east_asia.txt
INFO: Reading state_region 12_indonesia.txt
INFO: Reading state_region 13_australasia.txt
INFO: Reading state_region 14_siberia.txt
[INFO|Main|L71] 2024-04-22T05:58:19+0800: Game's state_region replaced by the back-up from %appdata%
[INFO|Main|L87] 2024-04-22T05:58:20+0800: Found 619 states in state_regions
[INFO|Main|L104] 2024-04-22T05:58:20+0800: wood bg_logging
[INFO|Main|L104] 2024-04-22T05:58:20+0800: fish bg_fishing
[INFO|Main|L104] 2024-04-22T05:58:20+0800: whale bg_whaling
[INFO|Main|L104] 2024-04-22T05:58:20+0800: coal bg_coal_mining
[INFO|Main|L104] 2024-04-22T05:58:20+0800: iron bg_iron_mining
[INFO|Main|L104] 2024-04-22T05:58:20+0800: lead bg_lead_mining
[INFO|Main|L104] 2024-04-22T05:58:20+0800: sulfur bg_sulfur_mining
[INFO|Main|L104] 2024-04-22T05:58:20+0800: rubber bg_rubber
[INFO|Main|L104] 2024-04-22T05:58:20+0800: gold bg_gold_mining
[INFO|Main|L104] 2024-04-22T05:58:20+0800: oil bg_oil_rig
[INFO|Main|L109] 2024-04-22T05:58:20+0800: Reading files from C:\Games\Vicky 3 v1 6 0\Victoria 3\game\map_data\state_regions
[INFO|Main|L115] 2024-04-22T05:58:20+0800: Reading state_region 00_west_europe.txt
[INFO|Main|L115] 2024-04-22T05:58:20+0800: Reading state_region 01_south_europe.txt
[INFO|Main|L115] 2024-04-22T05:58:20+0800: Reading state_region 02_east_europe.txt
[INFO|Main|L115] 2024-04-22T05:58:20+0800: Reading state_region 03_north_africa.txt
[INFO|Main|L115] 2024-04-22T05:58:20+0800: Reading state_region 04_subsaharan_africa.txt
[INFO|Main|L115] 2024-04-22T05:58:20+0800: Reading state_region 05_north_america.txt
[INFO|Main|L115] 2024-04-22T05:58:20+0800: Reading state_region 06_central_america.txt
[INFO|Main|L115] 2024-04-22T05:58:20+0800: Reading state_region 07_south_america.txt
[INFO|Main|L115] 2024-04-22T05:58:20+0800: Reading state_region 08_middle_east.txt
[INFO|Main|L115] 2024-04-22T05:58:20+0800: Reading state_region 09_central_asia.txt
[INFO|Main|L115] 2024-04-22T05:58:20+0800: Reading state_region 10_india.txt
[INFO|Main|L115] 2024-04-22T05:58:20+0800: Reading state_region 11_east_asia.txt
[INFO|Main|L115] 2024-04-22T05:58:20+0800: Reading state_region 12_indonesia.txt
[INFO|Main|L115] 2024-04-22T05:58:20+0800: Reading state_region 13_australasia.txt
[INFO|Main|L115] 2024-04-22T05:58:20+0800: Reading state_region 14_siberia.txt
[INFO|Main|L71] 2024-04-22T06:07:23+0800: Game's state_region replaced by the back-up from %appdata%
[INFO|Main|L87] 2024-04-22T06:07:24+0800: Found 619 states in state_regions
[INFO|Main|L104] 2024-04-22T06:07:24+0800: wood bg_logging
[INFO|Main|L104] 2024-04-22T06:07:24+0800: fish bg_fishing
[INFO|Main|L104] 2024-04-22T06:07:24+0800: whale bg_whaling
[INFO|Main|L104] 2024-04-22T06:07:24+0800: coal bg_coal_mining
[INFO|Main|L104] 2024-04-22T06:07:24+0800: iron bg_iron_mining
[INFO|Main|L104] 2024-04-22T06:07:24+0800: lead bg_lead_mining
[INFO|Main|L104] 2024-04-22T06:07:24+0800: sulfur bg_sulfur_mining
[INFO|Main|L104] 2024-04-22T06:07:24+0800: rubber bg_rubber
[INFO|Main|L104] 2024-04-22T06:07:24+0800: gold bg_gold_mining
[INFO|Main|L104] 2024-04-22T06:07:24+0800: oil bg_oil_rig
[INFO|Main|L71] 2024-04-22T06:07:57+0800: Game's state_region replaced by the back-up from %appdata%
[INFO|Main|L87] 2024-04-22T06:07:57+0800: Found 619 states in state_regions
[INFO|Main|L104] 2024-04-22T06:07:57+0800: wood bg_logging
[INFO|Main|L104] 2024-04-22T06:07:57+0800: fish bg_fishing
[INFO|Main|L104] 2024-04-22T06:07:57+0800: whale bg_whaling
[INFO|Main|L104] 2024-04-22T06:07:57+0800: coal bg_coal_mining
[INFO|Main|L104] 2024-04-22T06:07:57+0800: iron bg_iron_mining
[INFO|Main|L104] 2024-04-22T06:07:57+0800: lead bg_lead_mining
[INFO|Main|L104] 2024-04-22T06:07:57+0800: sulfur bg_sulfur_mining
[INFO|Main|L104] 2024-04-22T06:07:57+0800: rubber bg_rubber
[INFO|Main|L104] 2024-04-22T06:07:57+0800: gold bg_gold_mining
[INFO|Main|L104] 2024-04-22T06:07:57+0800: oil bg_oil_rig
[INFO|Main|L71] 2024-04-22T06:08:06+0800: Game's state_region replaced by the back-up from %appdata%
[INFO|Main|L87] 2024-04-22T06:08:06+0800: Found 619 states in state_regions
[INFO|Main|L104] 2024-04-22T06:08:06+0800: wood bg_logging
[INFO|Main|L104] 2024-04-22T06:08:06+0800: fish bg_fishing
[INFO|Main|L104] 2024-04-22T06:08:06+0800: whale bg_whaling
[INFO|Main|L104] 2024-04-22T06:08:06+0800: coal bg_coal_mining
[INFO|Main|L104] 2024-04-22T06:08:06+0800: iron bg_iron_mining
[INFO|Main|L104] 2024-04-22T06:08:06+0800: lead bg_lead_mining
[INFO|Main|L104] 2024-04-22T06:08:06+0800: sulfur bg_sulfur_mining
[INFO|Main|L104] 2024-04-22T06:08:06+0800: rubber bg_rubber
[INFO|Main|L104] 2024-04-22T06:08:06+0800: gold bg_gold_mining
[INFO|Main|L104] 2024-04-22T06:08:06+0800: oil bg_oil_rig
[INFO|Main|L71] 2024-04-22T06:08:30+0800: Game's state_region replaced by the back-up from %appdata%
[INFO|Main|L87] 2024-04-22T06:08:31+0800: Found 619 states in state_regions
[INFO|Main|L104] 2024-04-22T06:08:31+0800: wood bg_logging
[INFO|Main|L104] 2024-04-22T06:08:31+0800: fish bg_fishing
[INFO|Main|L104] 2024-04-22T06:08:31+0800: whale bg_whaling
[INFO|Main|L104] 2024-04-22T06:08:31+0800: coal bg_coal_mining
[INFO|Main|L104] 2024-04-22T06:08:31+0800: iron bg_iron_mining
[INFO|Main|L104] 2024-04-22T06:08:31+0800: lead bg_lead_mining
[INFO|Main|L104] 2024-04-22T06:08:31+0800: sulfur bg_sulfur_mining
[INFO|Main|L104] 2024-04-22T06:08:31+0800: rubber bg_rubber
[INFO|Main|L104] 2024-04-22T06:08:31+0800: gold bg_gold_mining
[INFO|Main|L104] 2024-04-22T06:08:31+0800: oil bg_oil_rig
[INFO|Main|L71] 2024-04-22T06:08:50+0800: Game's state_region replaced by the back-up from %appdata%
[INFO|Main|L87] 2024-04-22T06:08:50+0800: Found 619 states in state_regions
[INFO|Main|L104] 2024-04-22T06:08:50+0800: wood bg_logging
[INFO|Main|L104] 2024-04-22T06:08:50+0800: fish bg_fishing
[INFO|Main|L104] 2024-04-22T06:08:50+0800: whale bg_whaling
[INFO|Main|L104] 2024-04-22T06:08:50+0800: coal bg_coal_mining
[INFO|Main|L104] 2024-04-22T06:08:50+0800: iron bg_iron_mining
[INFO|Main|L104] 2024-04-22T06:08:50+0800: lead bg_lead_mining
[INFO|Main|L104] 2024-04-22T06:08:50+0800: sulfur bg_sulfur_mining
[INFO|Main|L104] 2024-04-22T06:08:50+0800: rubber bg_rubber
[INFO|Main|L104] 2024-04-22T06:08:50+0800: gold bg_gold_mining
[INFO|Main|L104] 2024-04-22T06:08:50+0800: oil bg_oil_rig
[INFO|Main|L71] 2024-04-22T06:09:22+0800: Game's state_region replaced by the back-up from %appdata%
[INFO|Main|L87] 2024-04-22T06:09:22+0800: Found 619 states in state_regions
[INFO|Main|L104] 2024-04-22T06:09:22+0800: wood bg_logging
[INFO|Main|L104] 2024-04-22T06:09:22+0800: fish bg_fishing
[INFO|Main|L104] 2024-04-22T06:09:22+0800: whale bg_whaling
[INFO|Main|L104] 2024-04-22T06:09:22+0800: coal bg_coal_mining
[INFO|Main|L104] 2024-04-22T06:09:22+0800: iron bg_iron_mining
[INFO|Main|L104] 2024-04-22T06:09:22+0800: lead bg_lead_mining
[INFO|Main|L104] 2024-04-22T06:09:22+0800: sulfur bg_sulfur_mining
[INFO|Main|L104] 2024-04-22T06:09:22+0800: rubber bg_rubber
[INFO|Main|L104] 2024-04-22T06:09:22+0800: gold bg_gold_mining
[INFO|Main|L104] 2024-04-22T06:09:22+0800: oil bg_oil_rig
[INFO|Main|L71] 2024-04-22T06:10:15+0800: Game's state_region replaced by the back-up from %appdata%
[INFO|Main|L87] 2024-04-22T06:10:15+0800: Found 619 states in state_regions
[INFO|Main|L104] 2024-04-22T06:10:15+0800: wood bg_logging
[INFO|Main|L104] 2024-04-22T06:10:15+0800: fish bg_fishing
[INFO|Main|L104] 2024-04-22T06:10:15+0800: whale bg_whaling
[INFO|Main|L104] 2024-04-22T06:10:15+0800: coal bg_coal_mining
[INFO|Main|L104] 2024-04-22T06:10:15+0800: iron bg_iron_mining
[INFO|Main|L104] 2024-04-22T06:10:15+0800: lead bg_lead_mining
[INFO|Main|L104] 2024-04-22T06:10:15+0800: sulfur bg_sulfur_mining
[INFO|Main|L104] 2024-04-22T06:10:15+0800: rubber bg_rubber
[INFO|Main|L104] 2024-04-22T06:10:15+0800: gold bg_gold_mining
[INFO|Main|L104] 2024-04-22T06:10:15+0800: oil bg_oil_rig
[INFO|Main|L109] 2024-04-22T06:10:15+0800: Reading files from C:\Games\Vicky 3 v1 6 0\Victoria 3\game\map_data\state_regions
[INFO|Main|L115] 2024-04-22T06:10:15+0800: Reading state_region 00_west_europe.txt
[INFO|Main|L115] 2024-04-22T06:10:15+0800: Reading state_region 01_south_europe.txt
[INFO|Main|L115] 2024-04-22T06:10:15+0800: Reading state_region 02_east_europe.txt
[INFO|Main|L115] 2024-04-22T06:10:15+0800: Reading state_region 03_north_africa.txt
[INFO|Main|L115] 2024-04-22T06:10:15+0800: Reading state_region 04_subsaharan_africa.txt
[INFO|Main|L115] 2024-04-22T06:10:15+0800: Reading state_region 05_north_america.txt
[INFO|Main|L115] 2024-04-22T06:10:15+0800: Reading state_region 06_central_america.txt
[INFO|Main|L115] 2024-04-22T06:10:15+0800: Reading state_region 07_south_america.txt
[INFO|Main|L115] 2024-04-22T06:10:15+0800: Reading state_region 08_middle_east.txt
[INFO|Main|L115] 2024-04-22T06:10:15+0800: Reading state_region 09_central_asia.txt
[INFO|Main|L115] 2024-04-22T06:10:15+0800: Reading state_region 10_india.txt
[INFO|Main|L115] 2024-04-22T06:10:15+0800: Reading state_region 11_east_asia.txt
[INFO|Main|L115] 2024-04-22T06:10:15+0800: Reading state_region 12_indonesia.txt
[INFO|Main|L115] 2024-04-22T06:10:15+0800: Reading state_region 13_australasia.txt
[INFO|Main|L115] 2024-04-22T06:10:15+0800: Reading state_region 14_siberia.txt
[INFO|Main|L71] 2024-04-22T06:11:57+0800: Game's state_region replaced by the back-up from %appdata%
[INFO|Main|L87] 2024-04-22T06:11:57+0800: Found 619 states in state_regions
[INFO|Main|L104] 2024-04-22T06:11:57+0800: wood bg_logging
[INFO|Main|L104] 2024-04-22T06:11:57+0800: fish bg_fishing
[INFO|Main|L104] 2024-04-22T06:11:57+0800: whale bg_whaling
[INFO|Main|L104] 2024-04-22T06:11:57+0800: coal bg_coal_mining
[INFO|Main|L104] 2024-04-22T06:11:57+0800: iron bg_iron_mining
[INFO|Main|L104] 2024-04-22T06:11:57+0800: lead bg_lead_mining
[INFO|Main|L104] 2024-04-22T06:11:57+0800: sulfur bg_sulfur_mining
[INFO|Main|L104] 2024-04-22T06:11:57+0800: rubber bg_rubber
[INFO|Main|L104] 2024-04-22T06:11:57+0800: gold bg_gold_mining
[INFO|Main|L104] 2024-04-22T06:11:57+0800: oil bg_oil_rig
[INFO|Main|L111] 2024-04-22T06:11:57+0800: Reading files from C:\Games\Vicky 3 v1 6 0\Victoria 3\game\map_data\state_regions
[INFO|Main|L117] 2024-04-22T06:11:57+0800: Reading state_region 00_west_europe.txt
[INFO|Main|L117] 2024-04-22T06:11:57+0800: Reading state_region 01_south_europe.txt
[INFO|Main|L117] 2024-04-22T06:11:57+0800: Reading state_region 02_east_europe.txt
[INFO|Main|L117] 2024-04-22T06:11:57+0800: Reading state_region 03_north_africa.txt
[INFO|Main|L117] 2024-04-22T06:11:57+0800: Reading state_region 04_subsaharan_africa.txt
[INFO|Main|L117] 2024-04-22T06:11:57+0800: Reading state_region 05_north_america.txt
[INFO|Main|L117] 2024-04-22T06:11:57+0800: Reading state_region 06_central_america.txt
[INFO|Main|L117] 2024-04-22T06:11:57+0800: Reading state_region 07_south_america.txt
[INFO|Main|L117] 2024-04-22T06:11:57+0800: Reading state_region 08_middle_east.txt
[INFO|Main|L117] 2024-04-22T06:11:57+0800: Reading state_region 09_central_asia.txt
[INFO|Main|L117] 2024-04-22T06:11:57+0800: Reading state_region 10_india.txt
[INFO|Main|L117] 2024-04-22T06:11:57+0800: Reading state_region 11_east_asia.txt
[INFO|Main|L117] 2024-04-22T06:11:57+0800: Reading state_region 12_indonesia.txt
[INFO|Main|L117] 2024-04-22T06:11:57+0800: Reading state_region 13_australasia.txt
[INFO|Main|L117] 2024-04-22T06:11:57+0800: Reading state_region 14_siberia.txt
[INFO|Main|L71] 2024-04-22T06:12:15+0800: Game's state_region replaced by the back-up from %appdata%
[INFO|Main|L87] 2024-04-22T06:12:16+0800: Found 619 states in state_regions
[INFO|Main|L104] 2024-04-22T06:12:16+0800: wood bg_logging
[INFO|Main|L104] 2024-04-22T06:12:16+0800: fish bg_fishing
[INFO|Main|L104] 2024-04-22T06:12:16+0800: whale bg_whaling
[INFO|Main|L104] 2024-04-22T06:12:16+0800: coal bg_coal_mining
[INFO|Main|L104] 2024-04-22T06:12:16+0800: iron bg_iron_mining
[INFO|Main|L104] 2024-04-22T06:12:16+0800: lead bg_lead_mining
[INFO|Main|L104] 2024-04-22T06:12:16+0800: sulfur bg_sulfur_mining
[INFO|Main|L104] 2024-04-22T06:12:16+0800: rubber bg_rubber
[INFO|Main|L104] 2024-04-22T06:12:16+0800: gold bg_gold_mining
[INFO|Main|L104] 2024-04-22T06:12:16+0800: oil bg_oil_rig
[INFO|Main|L111] 2024-04-22T06:12:16+0800: Reading files from C:\Games\Vicky 3 v1 6 0\Victoria 3\game\map_data\state_regions
[INFO|Main|L117] 2024-04-22T06:12:16+0800: Reading state_region 00_west_europe.txt
[INFO|Main|L117] 2024-04-22T06:12:16+0800: Reading state_region 01_south_europe.txt
[INFO|Main|L117] 2024-04-22T06:12:16+0800: Reading state_region 02_east_europe.txt
[INFO|Main|L117] 2024-04-22T06:12:16+0800: Reading state_region 03_north_africa.txt
[INFO|Main|L117] 2024-04-22T06:12:16+0800: Reading state_region 04_subsaharan_africa.txt
[INFO|Main|L117] 2024-04-22T06:12:16+0800: Reading state_region 05_north_america.txt
[INFO|Main|L117] 2024-04-22T06:12:16+0800: Reading state_region 06_central_america.txt
[INFO|Main|L117] 2024-04-22T06:12:16+0800: Reading state_region 07_south_america.txt
[INFO|Main|L117] 2024-04-22T06:12:16+0800: Reading state_region 08_middle_east.txt
[INFO|Main|L117] 2024-04-22T06:12:16+0800: Reading state_region 09_central_asia.txt
[INFO|Main|L117] 2024-04-22T06:12:16+0800: Reading state_region 10_india.txt
[INFO|Main|L117] 2024-04-22T06:12:16+0800: Reading state_region 11_east_asia.txt
[INFO|Main|L117] 2024-04-22T06:12:16+0800: Reading state_region 12_indonesia.txt
[INFO|Main|L117] 2024-04-22T06:12:16+0800: Reading state_region 13_australasia.txt
[INFO|Main|L117] 2024-04-22T06:12:16+0800: Reading state_region 14_siberia.txt
[INFO|Main|L71] 2024-04-22T06:12:37+0800: Game's state_region replaced by the back-up from %appdata%
[INFO|Main|L87] 2024-04-22T06:12:37+0800: Found 619 states in state_regions
[INFO|Main|L104] 2024-04-22T06:12:37+0800: wood bg_logging
[INFO|Main|L104] 2024-04-22T06:12:37+0800: fish bg_fishing
[INFO|Main|L104] 2024-04-22T06:12:37+0800: whale bg_whaling
[INFO|Main|L104] 2024-04-22T06:12:37+0800: coal bg_coal_mining
[INFO|Main|L104] 2024-04-22T06:12:37+0800: iron bg_iron_mining
[INFO|Main|L104] 2024-04-22T06:12:37+0800: lead bg_lead_mining
[INFO|Main|L104] 2024-04-22T06:12:37+0800: sulfur bg_sulfur_mining
[INFO|Main|L104] 2024-04-22T06:12:37+0800: rubber bg_rubber
[INFO|Main|L104] 2024-04-22T06:12:37+0800: gold bg_gold_mining
[INFO|Main|L104] 2024-04-22T06:12:37+0800: oil bg_oil_rig
[INFO|Main|L111] 2024-04-22T06:12:37+0800: Reading files from C:\Games\Vicky 3 v1 6 0\Victoria 3\game\map_data\state_regions
[INFO|Main|L117] 2024-04-22T06:12:37+0800: Reading state_region 00_west_europe.txt
[INFO|Main|L117] 2024-04-22T06:12:37+0800: Reading state_region 01_south_europe.txt
[INFO|Main|L117] 2024-04-22T06:12:37+0800: Reading state_region 02_east_europe.txt
[INFO|Main|L117] 2024-04-22T06:12:37+0800: Reading state_region 03_north_africa.txt
[INFO|Main|L117] 2024-04-22T06:12:37+0800: Reading state_region 04_subsaharan_africa.txt
[INFO|Main|L117] 2024-04-22T06:12:37+0800: Reading state_region 05_north_america.txt
[INFO|Main|L117] 2024-04-22T06:12:37+0800: Reading state_region 06_central_america.txt
[INFO|Main|L117] 2024-04-22T06:12:37+0800: Reading state_region 07_south_america.txt
[INFO|Main|L117] 2024-04-22T06:12:37+0800: Reading state_region 08_middle_east.txt
[INFO|Main|L117] 2024-04-22T06:12:37+0800: Reading state_region 09_central_asia.txt
[INFO|Main|L117] 2024-04-22T06:12:37+0800: Reading state_region 10_india.txt
[INFO|Main|L117] 2024-04-22T06:12:37+0800: Reading state_region 11_east_asia.txt
[INFO|Main|L117] 2024-04-22T06:12:37+0800: Reading state_region 12_indonesia.txt
[INFO|Main|L117] 2024-04-22T06:12:37+0800: Reading state_region 13_australasia.txt
[INFO|Main|L117] 2024-04-22T06:12:37+0800: Reading state_region 14_siberia.txt
[INFO|Main|L71] 2024-04-22T06:12:46+0800: Game's state_region replaced by the back-up from %appdata%
[INFO|Main|L87] 2024-04-22T06:12:46+0800: Found 619 states in state_regions
[INFO|Main|L104] 2024-04-22T06:12:46+0800: wood bg_logging
[INFO|Main|L104] 2024-04-22T06:12:46+0800: fish bg_fishing
[INFO|Main|L104] 2024-04-22T06:12:46+0800: whale bg_whaling
[INFO|Main|L104] 2024-04-22T06:12:46+0800: coal bg_coal_mining
[INFO|Main|L104] 2024-04-22T06:12:46+0800: iron bg_iron_mining
[INFO|Main|L104] 2024-04-22T06:12:46+0800: lead bg_lead_mining
[INFO|Main|L104] 2024-04-22T06:12:46+0800: sulfur bg_sulfur_mining
[INFO|Main|L104] 2024-04-22T06:12:46+0800: rubber bg_rubber
[INFO|Main|L104] 2024-04-22T06:12:46+0800: gold bg_gold_mining
[INFO|Main|L104] 2024-04-22T06:12:46+0800: oil bg_oil_rig
[INFO|Main|L111] 2024-04-22T06:12:46+0800: Reading files from C:\Games\Vicky 3 v1 6 0\Victoria 3\game\map_data\state_regions
[INFO|Main|L117] 2024-04-22T06:12:46+0800: Reading state_region 00_west_europe.txt
[INFO|Main|L117] 2024-04-22T06:12:46+0800: Reading state_region 01_south_europe.txt
[INFO|Main|L117] 2024-04-22T06:12:46+0800: Reading state_region 02_east_europe.txt
[INFO|Main|L117] 2024-04-22T06:12:46+0800: Reading state_region 03_north_africa.txt
[INFO|Main|L117] 2024-04-22T06:12:46+0800: Reading state_region 04_subsaharan_africa.txt
[INFO|Main|L117] 2024-04-22T06:12:46+0800: Reading state_region 05_north_america.txt
[INFO|Main|L117] 2024-04-22T06:12:46+0800: Reading state_region 06_central_america.txt
[INFO|Main|L117] 2024-04-22T06:12:46+0800: Reading state_region 07_south_america.txt
[INFO|Main|L117] 2024-04-22T06:12:46+0800: Reading state_region 08_middle_east.txt
[INFO|Main|L117] 2024-04-22T06:12:46+0800: Reading state_region 09_central_asia.txt
[INFO|Main|L117] 2024-04-22T06:12:46+0800: Reading state_region 10_india.txt
[INFO|Main|L117] 2024-04-22T06:12:46+0800: Reading state_region 11_east_asia.txt
[INFO|Main|L117] 2024-04-22T06:12:46+0800: Reading state_region 12_indonesia.txt
[INFO|Main|L117] 2024-04-22T06:12:46+0800: Reading state_region 13_australasia.txt
[INFO|Main|L117] 2024-04-22T06:12:46+0800: Reading state_region 14_siberia.txt
[INFO|Main|L71] 2024-04-22T06:18:05+0800: Game's state_region replaced by the back-up from %appdata%
[INFO|Main|L87] 2024-04-22T06:18:05+0800: Found 619 states in state_regions
[INFO|Main|L104] 2024-04-22T06:18:05+0800: wood bg_logging
[INFO|Main|L104] 2024-04-22T06:18:05+0800: fish bg_fishing
[INFO|Main|L104] 2024-04-22T06:18:05+0800: whale bg_whaling
[INFO|Main|L104] 2024-04-22T06:18:05+0800: coal bg_coal_mining
[INFO|Main|L104] 2024-04-22T06:18:05+0800: iron bg_iron_mining
[INFO|Main|L104] 2024-04-22T06:18:05+0800: lead bg_lead_mining
[INFO|Main|L104] 2024-04-22T06:18:05+0800: sulfur bg_sulfur_mining
[INFO|Main|L104] 2024-04-22T06:18:05+0800: rubber bg_rubber
[INFO|Main|L104] 2024-04-22T06:18:05+0800: gold bg_gold_mining
[INFO|Main|L104] 2024-04-22T06:18:05+0800: oil bg_oil_rig
[INFO|Main|L111] 2024-04-22T06:18:05+0800: Reading files from C:\Games\Vicky 3 v1 6 0\Victoria 3\game\map_data\state_regions
[INFO|Main|L117] 2024-04-22T06:18:05+0800: Reading state_region 00_west_europe.txt
[INFO|Main|L71] 2024-04-22T06:18:15+0800: Game's state_region replaced by the back-up from %appdata%
[INFO|Main|L87] 2024-04-22T06:18:16+0800: Found 619 states in state_regions
[INFO|Main|L104] 2024-04-22T06:18:16+0800: wood bg_logging
[INFO|Main|L104] 2024-04-22T06:18:16+0800: fish bg_fishing
[INFO|Main|L104] 2024-04-22T06:18:16+0800: whale bg_whaling
[INFO|Main|L104] 2024-04-22T06:18:16+0800: coal bg_coal_mining
[INFO|Main|L104] 2024-04-22T06:18:16+0800: iron bg_iron_mining
[INFO|Main|L104] 2024-04-22T06:18:16+0800: lead bg_lead_mining
[INFO|Main|L104] 2024-04-22T06:18:16+0800: sulfur bg_sulfur_mining
[INFO|Main|L104] 2024-04-22T06:18:16+0800: rubber bg_rubber
[INFO|Main|L104] 2024-04-22T06:18:16+0800: gold bg_gold_mining
[INFO|Main|L104] 2024-04-22T06:18:16+0800: oil bg_oil_rig
[INFO|Main|L111] 2024-04-22T06:18:16+0800: Reading files from C:\Games\Vicky 3 v1 6 0\Victoria 3\game\map_data\state_regions
[INFO|Main|L117] 2024-04-22T06:18:16+0800: Reading state_region 00_west_europe.txt
[INFO|Main|L71] 2024-04-22T06:18:39+0800: Game's state_region replaced by the back-up from %appdata%
[INFO|Main|L87] 2024-04-22T06:18:39+0800: Found 619 states in state_regions
[INFO|Main|L104] 2024-04-22T06:18:39+0800: wood bg_logging
[INFO|Main|L104] 2024-04-22T06:18:39+0800: fish bg_fishing
[INFO|Main|L104] 2024-04-22T06:18:39+0800: whale bg_whaling
[INFO|Main|L104] 2024-04-22T06:18:39+0800: coal bg_coal_mining
[INFO|Main|L104] 2024-04-22T06:18:39+0800: iron bg_iron_mining
[INFO|Main|L104] 2024-04-22T06:18:39+0800: lead bg_lead_mining
[INFO|Main|L104] 2024-04-22T06:18:39+0800: sulfur bg_sulfur_mining
[INFO|Main|L104] 2024-04-22T06:18:39+0800: rubber bg_rubber
[INFO|Main|L104] 2024-04-22T06:18:39+0800: gold bg_gold_mining
[INFO|Main|L104] 2024-04-22T06:18:39+0800: oil bg_oil_rig
[INFO|Main|L111] 2024-04-22T06:18:39+0800: Reading files from C:\Games\Vicky 3 v1 6 0\Victoria 3\game\map_data\state_regions
[INFO|Main|L117] 2024-04-22T06:18:39+0800: Reading state_region 00_west_europe.txt
[INFO|Main|L71] 2024-04-22T06:23:20+0800: Game's state_region replaced by the back-up from %appdata%
[INFO|Main|L87] 2024-04-22T06:23:20+0800: Found 619 states in state_regions
[INFO|Main|L104] 2024-04-22T06:23:20+0800: wood bg_logging
[INFO|Main|L104] 2024-04-22T06:23:20+0800: fish bg_fishing
[INFO|Main|L104] 2024-04-22T06:23:20+0800: whale bg_whaling
[INFO|Main|L104] 2024-04-22T06:23:20+0800: coal bg_coal_mining
[INFO|Main|L104] 2024-04-22T06:23:20+0800: iron bg_iron_mining
[INFO|Main|L104] 2024-04-22T06:23:20+0800: lead bg_lead_mining
[INFO|Main|L104] 2024-04-22T06:23:20+0800: sulfur bg_sulfur_mining
[INFO|Main|L104] 2024-04-22T06:23:20+0800: rubber bg_rubber
[INFO|Main|L104] 2024-04-22T06:23:20+0800: gold bg_gold_mining
[INFO|Main|L104] 2024-04-22T06:23:20+0800: oil bg_oil_rig
[INFO|Main|L111] 2024-04-22T06:23:20+0800: Reading files from C:\Games\Vicky 3 v1 6 0\Victoria 3\game\map_data\state_regions
[INFO|Main|L117] 2024-04-22T06:23:20+0800: Reading state_region 00_west_europe.txt
[INFO|Main|L71] 2024-04-22T06:23:32+0800: Game's state_region replaced by the back-up from %appdata%
[INFO|Main|L87] 2024-04-22T06:23:32+0800: Found 619 states in state_regions
[INFO|Main|L104] 2024-04-22T06:23:32+0800: wood bg_logging
[INFO|Main|L104] 2024-04-22T06:23:32+0800: fish bg_fishing
[INFO|Main|L104] 2024-04-22T06:23:32+0800: whale bg_whaling
[INFO|Main|L104] 2024-04-22T06:23:32+0800: coal bg_coal_mining
[INFO|Main|L104] 2024-04-22T06:23:32+0800: iron bg_iron_mining
[INFO|Main|L104] 2024-04-22T06:23:32+0800: lead bg_lead_mining
[INFO|Main|L104] 2024-04-22T06:23:32+0800: sulfur bg_sulfur_mining
[INFO|Main|L104] 2024-04-22T06:23:32+0800: rubber bg_rubber
[INFO|Main|L104] 2024-04-22T06:23:32+0800: gold bg_gold_mining
[INFO|Main|L104] 2024-04-22T06:23:32+0800: oil bg_oil_rig
[INFO|Main|L111] 2024-04-22T06:23:32+0800: Reading files from C:\Games\Vicky 3 v1 6 0\Victoria 3\game\map_data\state_regions
[INFO|Main|L117] 2024-04-22T06:23:32+0800: Reading state_region 00_west_europe.txt
[INFO|Main|L117] 2024-04-22T06:23:32+0800: Reading state_region 01_south_europe.txt
[INFO|Main|L117] 2024-04-22T06:23:32+0800: Reading state_region 02_east_europe.txt
[INFO|Main|L117] 2024-04-22T06:23:32+0800: Reading state_region 03_north_africa.txt
[INFO|Main|L117] 2024-04-22T06:23:32+0800: Reading state_region 04_subsaharan_africa.txt
[INFO|Main|L117] 2024-04-22T06:23:32+0800: Reading state_region 05_north_america.txt
[INFO|Main|L117] 2024-04-22T06:23:32+0800: Reading state_region 06_central_america.txt
[INFO|Main|L117] 2024-04-22T06:23:32+0800: Reading state_region 07_south_america.txt
[INFO|Main|L117] 2024-04-22T06:23:32+0800: Reading state_region 08_middle_east.txt
[INFO|Main|L117] 2024-04-22T06:23:32+0800: Reading state_region 09_central_asia.txt
[INFO|Main|L117] 2024-04-22T06:23:32+0800: Reading state_region 10_india.txt
[INFO|Main|L117] 2024-04-22T06:23:32+0800: Reading state_region 11_east_asia.txt
[INFO|Main|L117] 2024-04-22T06:23:32+0800: Reading state_region 12_indonesia.txt
[INFO|Main|L117] 2024-04-22T06:23:32+0800: Reading state_region 13_australasia.txt
[INFO|Main|L117] 2024-04-22T06:23:32+0800: Reading state_region 14_siberia.txt
[INFO|Main|L71] 2024-04-22T06:24:31+0800: Game's state_region replaced by the back-up from %appdata%
[INFO|Main|L87] 2024-04-22T06:24:31+0800: Found 619 states in state_regions
[INFO|Main|L104] 2024-04-22T06:24:31+0800: wood bg_logging
[INFO|Main|L104] 2024-04-22T06:24:31+0800: fish bg_fishing
[INFO|Main|L104] 2024-04-22T06:24:31+0800: whale bg_whaling
[INFO|Main|L104] 2024-04-22T06:24:31+0800: coal bg_coal_mining
[INFO|Main|L104] 2024-04-22T06:24:31+0800: iron bg_iron_mining
[INFO|Main|L104] 2024-04-22T06:24:31+0800: lead bg_lead_mining
[INFO|Main|L104] 2024-04-22T06:24:31+0800: sulfur bg_sulfur_mining
[INFO|Main|L104] 2024-04-22T06:24:31+0800: rubber bg_rubber
[INFO|Main|L104] 2024-04-22T06:24:31+0800: gold bg_gold_mining
[INFO|Main|L104] 2024-04-22T06:24:31+0800: oil bg_oil_rig
[INFO|Main|L111] 2024-04-22T06:24:31+0800: Reading files from C:\Games\Vicky 3 v1 6 0\Victoria 3\game\map_data\state_regions
[INFO|Main|L118] 2024-04-22T06:24:31+0800: Reading state_region 00_west_europe.txt
[INFO|Main|L71] 2024-04-22T06:24:39+0800: Game's state_region replaced by the back-up from %appdata%
[INFO|Main|L87] 2024-04-22T06:24:39+0800: Found 619 states in state_regions
[INFO|Main|L104] 2024-04-22T06:24:39+0800: wood bg_logging
[INFO|Main|L104] 2024-04-22T06:24:39+0800: fish bg_fishing
[INFO|Main|L104] 2024-04-22T06:24:39+0800: whale bg_whaling
[INFO|Main|L104] 2024-04-22T06:24:39+0800: coal bg_coal_mining
[INFO|Main|L104] 2024-04-22T06:24:39+0800: iron bg_iron_mining
[INFO|Main|L104] 2024-04-22T06:24:39+0800: lead bg_lead_mining
[INFO|Main|L104] 2024-04-22T06:24:39+0800: sulfur bg_sulfur_mining
[INFO|Main|L104] 2024-04-22T06:24:39+0800: rubber bg_rubber
[INFO|Main|L104] 2024-04-22T06:24:39+0800: gold bg_gold_mining
[INFO|Main|L104] 2024-04-22T06:24:39+0800: oil bg_oil_rig
[INFO|Main|L111] 2024-04-22T06:24:39+0800: Reading files from C:\Games\Vicky 3 v1 6 0\Victoria 3\game\map_data\state_regions
[INFO|Main|L119] 2024-04-22T06:24:39+0800: Reading state_region 00_west_europe.txt
[INFO|Main|L71] 2024-04-22T06:25:19+0800: Game's state_region replaced by the back-up from %appdata%
[INFO|Main|L87] 2024-04-22T06:25:19+0800: Found 619 states in state_regions
[INFO|Main|L104] 2024-04-22T06:25:19+0800: wood bg_logging
[INFO|Main|L104] 2024-04-22T06:25:19+0800: fish bg_fishing
[INFO|Main|L104] 2024-04-22T06:25:19+0800: whale bg_whaling
[INFO|Main|L104] 2024-04-22T06:25:19+0800: coal bg_coal_mining
[INFO|Main|L104] 2024-04-22T06:25:19+0800: iron bg_iron_mining
[INFO|Main|L104] 2024-04-22T06:25:19+0800: lead bg_lead_mining
[INFO|Main|L104] 2024-04-22T06:25:19+0800: sulfur bg_sulfur_mining
[INFO|Main|L104] 2024-04-22T06:25:19+0800: rubber bg_rubber
[INFO|Main|L104] 2024-04-22T06:25:19+0800: gold bg_gold_mining
[INFO|Main|L104] 2024-04-22T06:25:19+0800: oil bg_oil_rig
[INFO|Main|L111] 2024-04-22T06:25:19+0800: Reading files from C:\Games\Vicky 3 v1 6 0\Victoria 3\game\map_data\state_regions
[INFO|Main|L119] 2024-04-22T06:25:19+0800: Reading state_region 00_west_europe.txt
[INFO|Main|L119] 2024-04-22T06:25:19+0800: Reading state_region 01_south_europe.txt
[INFO|Main|L119] 2024-04-22T06:25:19+0800: Reading state_region 02_east_europe.txt
[INFO|Main|L119] 2024-04-22T06:25:19+0800: Reading state_region 03_north_africa.txt
[INFO|Main|L119] 2024-04-22T06:25:19+0800: Reading state_region 04_subsaharan_africa.txt
[INFO|Main|L119] 2024-04-22T06:25:19+0800: Reading state_region 05_north_america.txt
[INFO|Main|L119] 2024-04-22T06:25:19+0800: Reading state_region 06_central_america.txt
[INFO|Main|L119] 2024-04-22T06:25:19+0800: Reading state_region 07_south_america.txt
[INFO|Main|L119] 2024-04-22T06:25:19+0800: Reading state_region 08_middle_east.txt
[INFO|Main|L119] 2024-04-22T06:25:19+0800: Reading state_region 09_central_asia.txt
[INFO|Main|L119] 2024-04-22T06:25:19+0800: Reading state_region 10_india.txt
[INFO|Main|L119] 2024-04-22T06:25:19+0800: Reading state_region 11_east_asia.txt
[INFO|Main|L119] 2024-04-22T06:25:19+0800: Reading state_region 12_indonesia.txt
[INFO|Main|L119] 2024-04-22T06:25:19+0800: Reading state_region 13_australasia.txt
[INFO|Main|L119] 2024-04-22T06:25:19+0800: Reading state_region 14_siberia.txt
[INFO|Main|L136] 2024-04-22T06:25:19+0800: Found 32326 resources in state_regions
